<?xml version="1.0" encoding="UTF-8"?>
<testng-results skipped="0" failed="0" total="1" passed="1">
  <reporter-output>
  </reporter-output>
  <suite name="Command line suite" duration-ms="43" started-at="2015-07-06T11:20:40Z" finished-at="2015-07-06T11:20:40Z">
    <groups>
    </groups>
    <test name="Command line test" duration-ms="43" started-at="2015-07-06T11:20:40Z" finished-at="2015-07-06T11:20:40Z">
      <class name="com.ticketfly.ticketfly.AppTest">
        <test-method status="PASS" signature="testApp()[pri:0, instance:testApp(com.ticketfly.ticketfly.AppTest)]" name="testApp" duration-ms="1" started-at="2015-07-06T07:20:40Z" finished-at="2015-07-06T07:20:40Z">
          <reporter-output>
          </reporter-output>
        </test-method> <!-- testApp -->
      </class> <!-- com.ticketfly.ticketfly.AppTest -->
    </test> <!-- Command line test -->
  </suite> <!-- Command line suite -->
</testng-results>
